Fail to allocate 34359738368 bytes...

MALLOC timings:
		      alloc							      free
	min           avg           max					min           avg            max
0	0.0000000600  0.0000095158  0.0000944350			0.0000000610  0.0000000893  0.0000002840
1	0.0000000610  0.0000000624  0.0000000640			0.0000000600  0.0000000625  0.0000000670
2	0.0000000580  0.0000000614  0.0000000630			0.0000000590  0.0000000625  0.0000000670
3	0.0000000600  0.0000000618  0.0000000640			0.0000000600  0.0000000633  0.0000000670
4	0.0000000630  0.0000000775  0.0000001580			0.0000000600  0.0000000624  0.0000000650
5	0.0000000630  0.0000000811  0.0000002300			0.0000000610  0.0000000626  0.0000000650
6	0.0000000630  0.0000000773  0.0000001820			0.0000000590  0.0000000627  0.0000000680
7	0.0000000630  0.0000000705  0.0000001160			0.0000000600  0.0000000631  0.0000000660
8	0.0000000640  0.0000000677  0.0000000870			0.0000000600  0.0000000625  0.0000000660
9	0.0000000630  0.0000000752  0.0000001180			0.0000000590  0.0000000609  0.0000000640
10	0.0000000640  0.0000000832  0.0000002380			0.0000000620  0.0000000639  0.0000000700
11	0.0000000810  0.0000000917  0.0000001260			0.0000000730  0.0000000873  0.0000001600
12	0.0000000830  0.0000001008  0.0000001660			0.0000000730  0.0000000759  0.0000000790
13	0.0000000810  0.0000003528  0.0000027730			0.0000000720  0.0000000741  0.0000000750
14	0.0000000860  0.0000003479  0.0000025590			0.0000000730  0.0000000749  0.0000000780
15	0.0000000810  0.0000003222  0.0000024230			0.0000000740  0.0000000763  0.0000000780
16	0.0000000820  0.0000003490  0.0000026320			0.0000000680  0.0000000735  0.0000000760
17	0.0000000830  0.0000011612  0.0000062880			0.0000000710  0.0000008077  0.0000073910
18	0.0000000850  0.0000003312  0.0000025190			0.0000000710  0.0000000749  0.0000000770
19	0.0000000880  0.0000010827  0.0000064320			0.0000000730  0.0000006905  0.0000061400
20	0.0000000890  0.0000009919  0.0000057070			0.0000000720  0.0000006348  0.0000056710
21	0.0000000880  0.0000014057  0.0000088270			0.0000000730  0.0000009237  0.0000085580
22	0.0000000270  0.0000004805  0.0000027880			0.0000000220  0.0000002520  0.0000022990
23	0.0000000260  0.0000005126  0.0000035760			0.0000000210  0.0000003107  0.0000028950
24	0.0000000300  0.0000023649  0.0000197540			0.0000000240  0.0000016096  0.0000158680
25	0.0000010910  0.0000078855  0.0000234290			0.0000012570  0.0000024907  0.0000130240
26	0.0000010550  0.0000021666  0.0000110350			0.0000013450  0.0000014061  0.0000015280
27	0.0000012670  0.0000023770  0.0000112630			0.0000017400  0.0000034470  0.0000178430
28	0.0000011840  0.0000029076  0.0000171160			0.0000019810  0.0000050141  0.0000308170
29	0.0000013180  0.0000013631  0.0000014170			0.0000028900  0.0000053909  0.0000275410
30	0.0000012610  0.0000013844  0.0000015200			0.0000044250  0.0000047311  0.0000065120
31	0.0000012820  0.0000013916  0.0000017480			0.0000044430  0.0000045239  0.0000046110
32	0.0000013090  0.0000014149  0.0000014960			0.0000044550  0.0000046429  0.0000048720
33	0.0000012970  0.0000013668  0.0000015120			0.0000044530  0.0000045461  0.0000047410
34	0.0000011720  0.0000012507  0.0000013910			0.0000041410  0.0000041875  0.0000042420

CALLOC timings:
		      alloc							      free
	min           avg           max					min           avg            max
0	0.0000000780  0.0000001533  0.0000004930			0.0000000590  0.0000000824  0.0000001510
1	0.0000000730  0.0000000765  0.0000000780			0.0000000640  0.0000000672  0.0000000730
2	0.0000000720  0.0000000752  0.0000000790			0.0000000660  0.0000000690  0.0000000710
3	0.0000000730  0.0000000758  0.0000000790			0.0000000640  0.0000000673  0.0000000700
4	0.0000000780  0.0000000863  0.0000001050			0.0000000630  0.0000000670  0.0000000700
5	0.0000000830  0.0000001219  0.0000002620			0.0000000600  0.0000000810  0.0000000950
6	0.0000000840  0.0000001269  0.0000001700			0.0000000620  0.0000000771  0.0000001010
7	0.0000000950  0.0000001605  0.0000003720			0.0000000610  0.0000001980  0.0000010870
8	0.0000001010  0.0000003378  0.0000023270			0.0000000600  0.0000000830  0.0000001550
9	0.0000001040  0.0000003673  0.0000025020			0.0000000620  0.0000000751  0.0000001180
10	0.0000001100  0.0000006082  0.0000025050			0.0000000600  0.0000000715  0.0000000990
11	0.0000001470  0.0000001771  0.0000002690			0.0000000720  0.0000000750  0.0000000800
12	0.0000001720  0.0000001766  0.0000001910			0.0000000720  0.0000000753  0.0000000790
13	0.0000002300  0.0000002339  0.0000002390			0.0000000730  0.0000000747  0.0000000780
14	0.0000003480  0.0000006675  0.0000034520			0.0000000730  0.0000000752  0.0000000770
15	0.0000005830  0.0000017627  0.0000122240			0.0000000720  0.0000000757  0.0000000800
16	0.0000026220  0.0000048139  0.0000221970			0.0000000820  0.0000000908  0.0000001020
17	0.0000057380  0.0000103745  0.0000509650			0.0000000790  0.0000000900  0.0000001040
18	0.0000124410  0.0000251240  0.0001378710			0.0000000910  0.0000001245  0.0000001610
19	0.0000283060  0.0000481004  0.0002207610			0.0000001240  0.0000001689  0.0000002080
20	0.0000785900  0.0001163369  0.0004483270			0.0000001750  0.0000002173  0.0000002570
21	0.0000660880  0.0002327642  0.0009180760			0.0000000510  0.0000002457  0.0000006240
22	0.0001946620  0.0002466317  0.0006454780			0.0000000680  0.0000001881  0.0000003060
23	0.0005257870  0.0009666282  0.0014246870			0.0000000700  0.0000004284  0.0000009750
24	0.0009182510  0.0026516196  0.0054628270			0.0000003040  0.0000007522  0.0000012380
25	0.0000010730  0.0000011561  0.0000013020			0.0000012480  0.0000012871  0.0000014100
26	0.0000010980  0.0000011390  0.0000012180			0.0000013430  0.0000013932  0.0000015490
27	0.0000013190  0.0000013949  0.0000016230			0.0000017380  0.0000017854  0.0000020880
28	0.0000013180  0.0000013524  0.0000014120			0.0000021210  0.0000021910  0.0000023380
29	0.0000013020  0.0000032808  0.0000202980			0.0000029100  0.0000031884  0.0000047990
30	0.0000012570  0.0000013601  0.0000014370			0.0000044350  0.0000045423  0.0000048170
31	0.0000013450  0.0000014118  0.0000014610			0.0000044410  0.0000045246  0.0000046600
32	0.0000013120  0.0000013981  0.0000015660			0.0000044320  0.0000045241  0.0000046630
33	0.0000011980  0.0000034405  0.0000208820			0.0000042170  0.0000074315  0.0000185780
34	0.0000011820  0.0000012345  0.0000013000			0.0000041510  0.0000052592  0.0000149360

ALLOCA timings:
		      alloc							      free
	min           avg           max					min           avg            max
0	0.0000000600  0.0000095158  0.0000944350			-             -             -
1	0.0000000610  0.0000000624  0.0000000640			-             -             -
2	0.0000000580  0.0000000614  0.0000000630			-             -             -
3	0.0000000600  0.0000000618  0.0000000640			-             -             -
4	0.0000000630  0.0000000775  0.0000001580			-             -             -
5	0.0000000630  0.0000000811  0.0000002300			-             -             -
6	0.0000000630  0.0000000773  0.0000001820			-             -             -
7	0.0000000630  0.0000000705  0.0000001160			-             -             -
8	0.0000000640  0.0000000677  0.0000000870			-             -             -
9	0.0000000630  0.0000000752  0.0000001180			-             -             -
10	0.0000000640  0.0000000832  0.0000002380			-             -             -
11	0.0000000810  0.0000000917  0.0000001260			-             -             -
12	0.0000000830  0.0000001008  0.0000001660			-             -             -
13	0.0000000810  0.0000003528  0.0000027730			-             -             -
14	0.0000000860  0.0000003479  0.0000025590			-             -             -
15	0.0000000810  0.0000003222  0.0000024230			-             -             -
16	0.0000000820  0.0000003490  0.0000026320			-             -             -
17	0.0000000830  0.0000011612  0.0000062880			-             -             -
18	0.0000000850  0.0000003312  0.0000025190			-             -             -
19	0.0000000880  0.0000010827  0.0000064320			-             -             -
Segmentation fault (core dumped)
